<?xml version="1.0" encoding="UTF-8" ?>
<testsuite tests="36" failures="0" name="cucumberTest.TestRunner" time="0.047" errors="0" skipped="30">
  <properties>
    <property name="java.runtime.name" value="Java(TM) SE Runtime Environment"/>
    <property name="sun.boot.library.path" value="C:\Program Files\Java\jre1.8.0_45\bin"/>
    <property name="java.vm.version" value="25.45-b02"/>
    <property name="java.vm.vendor" value="Oracle Corporation"/>
    <property name="maven.multiModuleProjectDirectory" value="D:\MavenProjects\SepteniTest"/>
    <property name="java.vendor.url" value="http://java.oracle.com/"/>
    <property name="path.separator" value=";"/>
    <property name="guice.disable.misplaced.annotation.check" value="true"/>
    <property name="java.vm.name" value="Java HotSpot(TM) 64-Bit Server VM"/>
    <property name="file.encoding.pkg" value="sun.io"/>
    <property name="user.script" value=""/>
    <property name="user.country" value="US"/>
    <property name="sun.java.launcher" value="SUN_STANDARD"/>
    <property name="sun.os.patch.level" value=""/>
    <property name="java.vm.specification.name" value="Java Virtual Machine Specification"/>
    <property name="user.dir" value="D:\MavenProjects\SepteniTest"/>
    <property name="java.runtime.version" value="1.8.0_45-b15"/>
    <property name="java.awt.graphicsenv" value="sun.awt.Win32GraphicsEnvironment"/>
    <property name="java.endorsed.dirs" value="C:\Program Files\Java\jre1.8.0_45\lib\endorsed"/>
    <property name="os.arch" value="amd64"/>
    <property name="java.io.tmpdir" value="C:\Users\NAMNH\AppData\Local\Temp\"/>
    <property name="line.separator" value="
"/>
    <property name="java.vm.specification.vendor" value="Oracle Corporation"/>
    <property name="user.variant" value=""/>
    <property name="os.name" value="Windows 8.1"/>
    <property name="classworlds.conf" value="D:\MavenProjects\.metadata\.plugins\org.eclipse.m2e.launching\launches\m2conf2556516095726902637.tmp"/>
    <property name="sun.jnu.encoding" value="Cp1252"/>
    <property name="java.library.path" value="C:\Program Files\Java\jre1.8.0_45\bin;C:\Windows\Sun\Java\bin;C:\Windows\system32;C:\Windows;C:/Program Files/Java/jre1.8.0_45/bin/server;C:/Program Files/Java/jre1.8.0_45/bin;C:/Program Files/Java/jre1.8.0_45/lib/amd64;C:\ProgramData\Oracle\Java\javapath;C:\Windows\system32;C:\Windows;C:\Windows\System32\Wbem;C:\Windows\System32\WindowsPowerShell\v1.0\;C:\Windows\system32\config\systemprofile\.dnx\bin;C:\Program Files\Microsoft DNX\Dnvm\;C:\Program Files\Microsoft SQL Server\120\Tools\Binn\;C:\Program Files\Microsoft SQL Server\130\Tools\Binn\;C:\Program Files\Microsoft SQL Server\120\DTS\Binn\;C:\Program Files\Microsoft SQL Server\Client SDK\ODBC\110\Tools\Binn\;C:\Program Files (x86)\Microsoft SQL Server\120\Tools\Binn\;C:\Program Files (x86)\Microsoft SQL Server\120\Tools\Binn\ManagementStudio\;C:\Program Files (x86)\Microsoft SQL Server\120\DTS\Binn\;C:\Program Files (x86)\Skype\Phone\;C:\Program Files\Java\jdk1.8.0_45\bin;D:\Program Files\Maven-3.3.3\bin;D:\MavenProjects\Eclipse Luna;;."/>
    <property name="java.specification.name" value="Java Platform API Specification"/>
    <property name="java.class.version" value="52.0"/>
    <property name="sun.management.compiler" value="HotSpot 64-Bit Tiered Compilers"/>
    <property name="os.version" value="6.3"/>
    <property name="user.home" value="C:\Users\NAMNH"/>
    <property name="user.timezone" value="Asia/Bangkok"/>
    <property name="java.awt.printerjob" value="sun.awt.windows.WPrinterJob"/>
    <property name="java.specification.version" value="1.8"/>
    <property name="file.encoding" value="Cp1252"/>
    <property name="user.name" value="namnh"/>
    <property name="java.class.path" value="/D:/MavenProjects/Eclipse Luna/plugins/org.eclipse.m2e.maven.runtime_1.6.2.20150902-0001/jars/plexus-classworlds-2.5.2.jar"/>
    <property name="java.vm.specification.version" value="1.8"/>
    <property name="sun.arch.data.model" value="64"/>
    <property name="java.home" value="C:\Program Files\Java\jre1.8.0_45"/>
    <property name="sun.java.command" value="org.codehaus.plexus.classworlds.launcher.Launcher -B test"/>
    <property name="java.specification.vendor" value="Oracle Corporation"/>
    <property name="user.language" value="en"/>
    <property name="awt.toolkit" value="sun.awt.windows.WToolkit"/>
    <property name="java.vm.info" value="mixed mode"/>
    <property name="java.version" value="1.8.0_45"/>
    <property name="java.ext.dirs" value="C:\Program Files\Java\jre1.8.0_45\lib\ext;C:\Windows\Sun\Java\lib\ext"/>
    <property name="sun.boot.class.path" value="C:\Program Files\Java\jre1.8.0_45\lib\resources.jar;C:\Program Files\Java\jre1.8.0_45\lib\rt.jar;C:\Program Files\Java\jre1.8.0_45\lib\sunrsasign.jar;C:\Program Files\Java\jre1.8.0_45\lib\jsse.jar;C:\Program Files\Java\jre1.8.0_45\lib\jce.jar;C:\Program Files\Java\jre1.8.0_45\lib\charsets.jar;C:\Program Files\Java\jre1.8.0_45\lib\jfr.jar;C:\Program Files\Java\jre1.8.0_45\classes"/>
    <property name="java.vendor" value="Oracle Corporation"/>
    <property name="maven.home" value="D:\MavenProjects\SepteniTest\EMBEDDED"/>
    <property name="file.separator" value="\"/>
    <property name="java.vendor.url.bug" value="http://bugreport.sun.com/bugreport/"/>
    <property name="sun.cpu.endian" value="little"/>
    <property name="sun.io.unicode.encoding" value="UnicodeLittle"/>
    <property name="sun.desktop" value="windows"/>
    <property name="sun.cpu.isalist" value="amd64"/>
  </properties>
  <testcase classname="Scenario: Login with a valid credential" name="Given User open &quot;http://live.guru99.com/index.php/customer/account/login/&quot; page using &quot;firefox&quot;" time="0.003">
    <skipped/>
  </testcase>
  <testcase classname="Scenario: Login with a valid credential" name="And User stay at &quot;http://live.guru99.com/index.php/customer/account/login/&quot; page" time="0.004">
    <skipped/>
  </testcase>
  <testcase classname="Scenario: Login with a valid credential" name="When User login with email &quot;demoautotest@gmail.com&quot; and password &quot;demopassword&quot;" time="0.004">
    <skipped/>
  </testcase>
  <testcase classname="Scenario: Login with a valid credential" name="Then User is redirected to &quot;http://live.guru99.com/index.php/customer/account/index/&quot; page" time="0.004">
    <skipped/>
  </testcase>
  <testcase classname="Scenario: Login with a valid credential" name="Scenario: Login with a valid credential" time="0.004">
    <skipped/>
  </testcase>
  <testcase classname="Scenario: Login with a valid credential" name="Scenario: Login with a valid credential" time="0.004"/>
  <testcase classname="| aninvalidemail@abc.com | aninvalidpassword |" name="Given User open &quot;http://live.guru99.com/index.php/customer/account/login/&quot; page using &quot;firefox&quot;" time="0">
    <skipped/>
  </testcase>
  <testcase classname="| aninvalidemail@abc.com | aninvalidpassword |" name="And User stay at &quot;http://live.guru99.com/index.php/customer/account/login/&quot; page" time="0">
    <skipped/>
  </testcase>
  <testcase classname="| aninvalidemail@abc.com | aninvalidpassword |" name="When User login with email &quot;aninvalidemail@abc.com&quot; and password &quot;aninvalidpassword&quot;" time="0">
    <skipped/>
  </testcase>
  <testcase classname="| aninvalidemail@abc.com | aninvalidpassword |" name="Then User receives error message &quot;Invalid login or password.&quot;" time="0">
    <skipped/>
  </testcase>
  <testcase classname="| aninvalidemail@abc.com | aninvalidpassword |" name="| aninvalidemail@abc.com | aninvalidpassword |" time="0">
    <skipped/>
  </testcase>
  <testcase classname="| aninvalidemail@abc.com | aninvalidpassword |" name="| aninvalidemail@abc.com | aninvalidpassword |" time="0.001"/>
  <testcase classname="| demoautotest@gmail.com | aninvalidpassword |" name="Given User open &quot;http://live.guru99.com/index.php/customer/account/login/&quot; page using &quot;firefox&quot;" time="0">
    <skipped/>
  </testcase>
  <testcase classname="| demoautotest@gmail.com | aninvalidpassword |" name="And User stay at &quot;http://live.guru99.com/index.php/customer/account/login/&quot; page" time="0">
    <skipped/>
  </testcase>
  <testcase classname="| demoautotest@gmail.com | aninvalidpassword |" name="When User login with email &quot;demoautotest@gmail.com&quot; and password &quot;aninvalidpassword&quot;" time="0">
    <skipped/>
  </testcase>
  <testcase classname="| demoautotest@gmail.com | aninvalidpassword |" name="Then User receives error message &quot;Invalid login or password.&quot;" time="0">
    <skipped/>
  </testcase>
  <testcase classname="| demoautotest@gmail.com | aninvalidpassword |" name="| demoautotest@gmail.com | aninvalidpassword |" time="0">
    <skipped/>
  </testcase>
  <testcase classname="| demoautotest@gmail.com | aninvalidpassword |" name="| demoautotest@gmail.com | aninvalidpassword |" time="0"/>
  <testcase classname="| aninvalidemail@abc.com | demopassword |" name="Given User open &quot;http://live.guru99.com/index.php/customer/account/login/&quot; page using &quot;firefox&quot;" time="0.002">
    <skipped/>
  </testcase>
  <testcase classname="| aninvalidemail@abc.com | demopassword |" name="And User stay at &quot;http://live.guru99.com/index.php/customer/account/login/&quot; page" time="0.003">
    <skipped/>
  </testcase>
  <testcase classname="| aninvalidemail@abc.com | demopassword |" name="When User login with email &quot;aninvalidemail@abc.com&quot; and password &quot;demopassword&quot;" time="0.004">
    <skipped/>
  </testcase>
  <testcase classname="| aninvalidemail@abc.com | demopassword |" name="Then User receives error message &quot;Invalid login or password.&quot;" time="0.004">
    <skipped/>
  </testcase>
  <testcase classname="| aninvalidemail@abc.com | demopassword |" name="| aninvalidemail@abc.com | demopassword |" time="0.004">
    <skipped/>
  </testcase>
  <testcase classname="| aninvalidemail@abc.com | demopassword |" name="| aninvalidemail@abc.com | demopassword |" time="0.004"/>
  <testcase classname="Scenario: Login with empty email" name="Given User open &quot;http://live.guru99.com/index.php/customer/account/login/&quot; page using &quot;firefox&quot;" time="0">
    <skipped/>
  </testcase>
  <testcase classname="Scenario: Login with empty email" name="And User stay at &quot;http://live.guru99.com/index.php/customer/account/login/&quot; page" time="0">
    <skipped/>
  </testcase>
  <testcase classname="Scenario: Login with empty email" name="When User login with email &quot;&quot; and password &quot;demopassword&quot;" time="0">
    <skipped/>
  </testcase>
  <testcase classname="Scenario: Login with empty email" name="Then User receives error message &quot;This is a required field.&quot;" time="0">
    <skipped/>
  </testcase>
  <testcase classname="Scenario: Login with empty email" name="Scenario: Login with empty email" time="0">
    <skipped/>
  </testcase>
  <testcase classname="Scenario: Login with empty email" name="Scenario: Login with empty email" time="0"/>
  <testcase classname="Scenario: Login with empty password" name="Given User open &quot;http://live.guru99.com/index.php/customer/account/login/&quot; page using &quot;firefox&quot;" time="0">
    <skipped/>
  </testcase>
  <testcase classname="Scenario: Login with empty password" name="And User stay at &quot;http://live.guru99.com/index.php/customer/account/login/&quot; page" time="0">
    <skipped/>
  </testcase>
  <testcase classname="Scenario: Login with empty password" name="When User login with email &quot;demoautotest@gmail.com&quot; and password &quot;&quot;" time="0">
    <skipped/>
  </testcase>
  <testcase classname="Scenario: Login with empty password" name="Then User receives error message &quot;This is a required field.&quot;" time="0">
    <skipped/>
  </testcase>
  <testcase classname="Scenario: Login with empty password" name="Scenario: Login with empty password" time="0.001">
    <skipped/>
  </testcase>
  <testcase classname="Scenario: Login with empty password" name="Scenario: Login with empty password" time="0.001"/>
</testsuite>